--------------------------------------------------
14:04:08 - Application startup
14:04:08 - [1s] Запуск автоматизации в качестве демона/службы.
14:04:08 - Запуск автоматизации в качестве демона/службы.
14:04:16 - [8s] Автоматизация прошла успешно!
14:04:16 - Автоматизация прошла успешно!
--------------------------------------------------
14:06:55 - Application startup
14:06:56 - [0s] Запуск автоматизации в качестве демона/службы.
14:06:56 - Запуск автоматизации в качестве демона/службы.
14:06:58 - [3s] Прикреплено к "unins000"
14:06:58 - Прикреплено к "unins000"
14:06:58 - [3s] Поиск окон...
14:06:58 - Поиск окон...
14:07:03 - [8s] Прикреплено к "_unins.tmp"
14:07:03 - Прикреплено к "_unins.tmp"
14:07:03 - [8s] Поиск окон...
14:07:03 - Поиск окон...
14:07:09 - [13s] Автоматизация прошла успешно!
14:07:09 - Автоматизация прошла успешно!
